<?xml version="1.0" encoding="UTF-8" ?>
<testsuite tests="28" failures="0" name="com.mycompany.progtech.ComputerTest" time="0.02" errors="0" skipped="0">
  <properties>
    <property name="java.runtime.name" value="Java(TM) SE Runtime Environment"/>
    <property name="java.vm.version" value="13.0.2+8"/>
    <property name="sun.boot.library.path" value="C:\Program Files\Java\jdk-13.0.2\bin"/>
    <property name="maven.multiModuleProjectDirectory" value="C:\Users\Adam\Documents\NetBeansProjects\Progtech"/>
    <property name="java.vm.vendor" value="Oracle Corporation"/>
    <property name="java.vendor.url" value="https://java.oracle.com/"/>
    <property name="guice.disable.misplaced.annotation.check" value="true"/>
    <property name="path.separator" value=";"/>
    <property name="java.vm.name" value="Java HotSpot(TM) 64-Bit Server VM"/>
    <property name="sun.os.patch.level" value=""/>
    <property name="user.script" value=""/>
    <property name="user.country" value="HU"/>
    <property name="sun.java.launcher" value="SUN_STANDARD"/>
    <property name="test" value="com.mycompany.progtech.ComputerTest"/>
    <property name="java.vm.specification.name" value="Java Virtual Machine Specification"/>
    <property name="user.dir" value="C:\Users\Adam\Documents\NetBeansProjects\Progtech"/>
    <property name="java.vm.compressedOopsMode" value="Zero based"/>
    <property name="java.runtime.version" value="13.0.2+8"/>
    <property name="os.arch" value="amd64"/>
    <property name="java.io.tmpdir" value="C:\Users\Adam\AppData\Local\Temp\"/>
    <property name="line.separator" value="
"/>
    <property name="java.vm.specification.vendor" value="Oracle Corporation"/>
    <property name="user.variant" value=""/>
    <property name="os.name" value="Windows 10"/>
    <property name="maven.ext.class.path" value="C:\Program Files\NetBeans-11.3\netbeans\java\maven-nblib\netbeans-eventspy.jar"/>
    <property name="classworlds.conf" value="C:\Program Files\NetBeans-11.3\netbeans\java\maven\bin\m2.conf"/>
    <property name="sun.jnu.encoding" value="Cp1250"/>
    <property name="java.library.path" value="C:\Program Files\Java\jdk-13.0.2\bin;C:\WINDOWS\Sun\Java\bin;C:\WINDOWS\system32;C:\WINDOWS;C:\Program Files (x86)\Python38-32\Scripts\;C:\Program Files (x86)\Python38-32\;C:\Program Files (x86)\Common Files\Oracle\Java\javapath;C:\WINDOWS\system32;C:\WINDOWS;C:\WINDOWS\System32\Wbem;C:\WINDOWS\System32\WindowsPowerShell\v1.0\;C:\WINDOWS\System32\OpenSSH\;C:\Program Files\dotnet\;C:\Program Files\Microsoft SQL Server\130\Tools\Binn\;C:\Program Files (x86)\NVIDIA Corporation\PhysX\Common;C:\WINDOWS\system32;C:\WINDOWS;C:\WINDOWS\System32\Wbem;C:\WINDOWS\System32\WindowsPowerShell\v1.0\;C:\WINDOWS\System32\OpenSSH\;C:\Program Files\NVIDIA Corporation\NVIDIA NvDLISR;C:\Program Files\PuTTY\;C:\Program Files\nodejs\;C:\WINDOWS\system32\config\systemprofile\.dnx\bin;C:\Program Files\Microsoft DNX\Dnvm\;C:\Program Files\Java\jdk-13.0.2\bin;C:\Users\Adam\AppData\Local\Programs\Python\Python36\Scripts\;C:\Users\Adam\AppData\Local\Programs\Python\Python36\;C:\Users\Adam\AppData\Local\Microsoft\WindowsApps;C:\Users\Adam\AppData\Local\Programs\Microsoft VS Code\bin;C:\Users\Adam\AppData\Roaming\npm;C:\Users\Adam\AppData\Local\GitHubDesktop\bin;."/>
    <property name="jdk.debug" value="release"/>
    <property name="java.class.version" value="57.0"/>
    <property name="java.specification.name" value="Java Platform API Specification"/>
    <property name="sun.management.compiler" value="HotSpot 64-Bit Tiered Compilers"/>
    <property name="os.version" value="10.0"/>
    <property name="user.home" value="C:\Users\Adam"/>
    <property name="user.timezone" value="Europe/Budapest"/>
    <property name="file.encoding" value="UTF-8"/>
    <property name="java.specification.version" value="13"/>
    <property name="user.name" value="Adam"/>
    <property name="java.class.path" value="C:\Program Files\NetBeans-11.3\netbeans\java\maven\boot\plexus-classworlds-2.5.2.jar"/>
    <property name="java.vm.specification.version" value="13"/>
    <property name="sun.arch.data.model" value="64"/>
    <property name="sun.java.command" value="org.codehaus.plexus.classworlds.launcher.Launcher -Dtest=com.mycompany.progtech.ComputerTest -Dmaven.ext.class.path=C:\Program Files\NetBeans-11.3\netbeans\java\maven-nblib\netbeans-eventspy.jar -Dfile.encoding=UTF-8 surefire:test"/>
    <property name="java.home" value="C:\Program Files\Java\jdk-13.0.2"/>
    <property name="user.language" value="hu"/>
    <property name="java.specification.vendor" value="Oracle Corporation"/>
    <property name="java.vm.info" value="mixed mode, sharing"/>
    <property name="java.version" value="13.0.2"/>
    <property name="java.vendor" value="Oracle Corporation"/>
    <property name="maven.home" value="C:\Program Files\NetBeans-11.3\netbeans\java\maven"/>
    <property name="file.separator" value="\"/>
    <property name="java.version.date" value="2020-01-14"/>
    <property name="java.vendor.url.bug" value="https://bugreport.java.com/bugreport/"/>
    <property name="sun.io.unicode.encoding" value="UnicodeLittle"/>
    <property name="sun.cpu.endian" value="little"/>
    <property name="sun.cpu.isalist" value="amd64"/>
  </properties>
  <testcase classname="com.mycompany.progtech.ComputerTest" name="testSetTapegysegTeljesitmeny" time="0.018"/>
  <testcase classname="com.mycompany.progtech.ComputerTest" name="testGetHatterTar" time="0"/>
  <testcase classname="com.mycompany.progtech.ComputerTest" name="testGetTapegyseg" time="0"/>
  <testcase classname="com.mycompany.progtech.ComputerTest" name="testSetProcceszor" time="0"/>
  <testcase classname="com.mycompany.progtech.ComputerTest" name="testGetVideoKartyaMeret" time="0"/>
  <testcase classname="com.mycompany.progtech.ComputerTest" name="testGetVideoKartyaTipus" time="0"/>
  <testcase classname="com.mycompany.progtech.ComputerTest" name="testGetTapegysegTeljesitmeny" time="0"/>
  <testcase classname="com.mycompany.progtech.ComputerTest" name="testGetAr" time="0"/>
  <testcase classname="com.mycompany.progtech.ComputerTest" name="testSetAr" time="0"/>
  <testcase classname="com.mycompany.progtech.ComputerTest" name="testSetTapegysegTeljesitmenyWithWrongInput" time="0.001"/>
  <testcase classname="com.mycompany.progtech.ComputerTest" name="testSetRamMeretWithWrongInput" time="0"/>
  <testcase classname="com.mycompany.progtech.ComputerTest" name="testGetAlaplap" time="0"/>
  <testcase classname="com.mycompany.progtech.ComputerTest" name="testSetHatterTar" time="0"/>
  <testcase classname="com.mycompany.progtech.ComputerTest" name="testGetProccesszorHűtő" time="0"/>
  <testcase classname="com.mycompany.progtech.ComputerTest" name="testSetTapegyseg" time="0"/>
  <testcase classname="com.mycompany.progtech.ComputerTest" name="testSetProccesszorHűtő" time="0.001"/>
  <testcase classname="com.mycompany.progtech.ComputerTest" name="testSetAlaplap" time="0"/>
  <testcase classname="com.mycompany.progtech.ComputerTest" name="testSetVideoKartyaMeret" time="0"/>
  <testcase classname="com.mycompany.progtech.ComputerTest" name="testSetVideoKartyaTipus" time="0"/>
  <testcase classname="com.mycompany.progtech.ComputerTest" name="testSetRamMeret" time="0"/>
  <testcase classname="com.mycompany.progtech.ComputerTest" name="testSetRamTipus" time="0"/>
  <testcase classname="com.mycompany.progtech.ComputerTest" name="testSetArWithWrongNumber" time="0"/>
  <testcase classname="com.mycompany.progtech.ComputerTest" name="testGetRamMeret" time="0"/>
  <testcase classname="com.mycompany.progtech.ComputerTest" name="testGetRamTipus" time="0"/>
  <testcase classname="com.mycompany.progtech.ComputerTest" name="testSetVideoKartyaMeretWithWrongInput" time="0"/>
  <testcase classname="com.mycompany.progtech.ComputerTest" name="testSetHazTípus" time="0"/>
  <testcase classname="com.mycompany.progtech.ComputerTest" name="testGetHazTípus" time="0"/>
  <testcase classname="com.mycompany.progtech.ComputerTest" name="testGetProcceszor" time="0"/>
</testsuite>